epoch,acc,loss,val_acc,val_loss
0,0.3333333432674408,10.222166061401367,0.1818181872367859,13.187533378601074
1,0.2916666567325592,11.34216594696045,0.1818181872367859,13.187533378601074
2,0.4166666567325592,9.330409049987793,0.1818181872367859,13.187533378601074
3,0.375,9.782648086547852,0.1818181872367859,13.187533378601074
4,0.25,11.311234474182129,0.1818181872367859,13.187533378601074
5,0.3333333432674408,10.33373737335205,0.1818181872367859,13.187533378601074
6,0.2916666567325592,11.423210144042969,0.1818181872367859,13.187533378601074
7,0.375,9.45703125,0.1818181872367859,13.187533378601074
8,0.4583333432674408,8.255935668945312,0.1818181872367859,12.191481590270996
9,0.5416666865348816,6.375250339508057,0.1818181872367859,5.567564487457275
10,0.375,10.073809623718262,0.1818181872367859,5.567564487457275
11,0.4583333432674408,8.736732482910156,0.6363636255264282,3.323484182357788
12,0.2916666567325592,10.879173278808594,0.6363636255264282,5.861125469207764
13,0.375,8.929611206054688,0.1818181872367859,11.619490623474121
14,0.5,8.059170722961426,0.1818181872367859,11.625693321228027
15,0.4583333432674408,8.730645179748535,0.1818181872367859,11.605103492736816
16,0.2916666567325592,10.078259468078613,0.1818181872367859,10.723094940185547
17,0.4166666567325592,9.1759614944458,0.6363636255264282,5.861125469207764
18,0.2916666567325592,10.94161605834961,0.6363636255264282,5.861125469207764
19,0.4166666567325592,9.070838928222656,0.6363636255264282,5.861125469207764
20,0.375,9.255718231201172,0.6363636255264282,5.861125469207764
21,0.3333333432674408,10.687102317810059,0.6363636255264282,5.861125469207764
22,0.5,8.059048652648926,0.6363636255264282,5.861125469207764
23,0.5416666865348816,6.960408687591553,0.6363636255264282,5.861125469207764
24,0.3333333432674408,10.720231056213379,0.6363636255264282,5.861125469207764
25,0.5833333134651184,6.091330051422119,0.6363636255264282,5.861125469207764
26,0.5,7.56723165512085,0.6363636255264282,5.861125469207764
