epoch,acc,loss,val_acc,val_loss
0,0.33870968222618103,9.673018455505371,0.5,6.7102813720703125
1,0.2822580635547638,10.363844871520996,0.5,6.06452751159668
2,0.3709677457809448,9.400360107421875,0.5,8.059054374694824
3,0.4193548262119293,8.945296287536621,0.2777777910232544,4.933137893676758
4,0.3629032373428345,9.00670051574707,0.2222222238779068,8.487933158874512
5,0.3467741906642914,9.865418434143066,0.2222222238779068,7.335225582122803
6,0.3629032373428345,8.818663597106934,0.5,8.039745330810547
7,0.29032257199287415,10.325693130493164,0.5,8.05904769897461
8,0.42741936445236206,8.483983993530273,0.5,8.039752960205078
9,0.3709677457809448,9.000020980834961,0.5,7.797824382781982
10,0.2983871102333069,10.187044143676758,0.5,7.5777130126953125
11,0.29032257199287415,10.353002548217773,0.6944444179534912,2.434821128845215
12,0.32258063554763794,9.757617950439453,0.5,4.855135440826416
13,0.3306451737880707,9.100062370300293,0.5,6.751143932342529
14,0.3306451737880707,8.643457412719727,0.5,8.05904769897461
15,0.2822580635547638,9.152544021606445,0.5,7.930817604064941
16,0.41129031777381897,7.47719144821167,0.5,8.05904769897461
17,0.2983871102333069,8.77965259552002,0.5,7.856663227081299
18,0.41129031777381897,7.273373603820801,0.5,7.393868446350098
19,0.4193548262119293,7.6461591720581055,0.6111111044883728,3.7965359687805176
20,0.4193548262119293,6.604235649108887,0.5,6.77585506439209
21,0.3790322542190552,7.1325178146362305,0.5,7.076154708862305
22,0.3306451737880707,7.628848552703857,0.5,3.4365484714508057
23,0.4193548262119293,6.928744316101074,0.5,6.956913471221924
24,0.33870968222618103,6.920476913452148,0.5,5.504514217376709
25,0.3145161271095276,4.824025630950928,0.5,3.058013439178467
26,0.42741936445236206,4.866681098937988,0.5,6.036953449249268
27,0.33870968222618103,4.084230899810791,0.5,2.5235071182250977
28,0.3790322542190552,3.092898368835449,0.5,3.8397860527038574
29,0.5080645084381104,2.7713871002197266,0.5,2.158698081970215
30,0.42741936445236206,2.4121110439300537,0.7222222089767456,1.7831662893295288
31,0.39516130089759827,2.573796033859253,0.6944444179534912,1.7776256799697876
32,0.39516130089759827,3.1418967247009277,0.6111111044883728,1.9997678995132446
33,0.45967742800712585,2.6195452213287354,0.5833333134651184,2.018768310546875
34,0.4032258093357086,2.299947500228882,0.6944444179534912,1.8914217948913574
35,0.5,1.9270612001419067,0.6944444179534912,1.9330024719238281
36,0.45967742800712585,2.360032320022583,0.6666666865348816,2.06160306930542
37,0.42741936445236206,1.9193445444107056,0.5,1.9904003143310547
38,0.3709677457809448,2.092313766479492,0.5277777910232544,1.9630355834960938
39,0.3790322542190552,1.8942652940750122,0.6666666865348816,1.7999799251556396
40,0.4516128897666931,1.9612882137298584,0.7222222089767456,1.8276007175445557
41,0.4516128897666931,1.9023230075836182,0.7222222089767456,1.768998384475708
42,0.45967742800712585,1.8227896690368652,0.7222222089767456,1.6034201383590698
43,0.41129031777381897,1.9031457901000977,0.4722222089767456,1.7939974069595337
44,0.4677419364452362,1.9357975721359253,0.7222222089767456,1.7103323936462402
45,0.4193548262119293,1.595791220664978,0.7222222089767456,1.6115589141845703
46,0.45967742800712585,2.2428994178771973,0.6944444179534912,1.5745598077774048
47,0.4516128897666931,1.7514418363571167,0.7222222089767456,1.490398645401001
48,0.45967742800712585,1.9477204084396362,0.6944444179534912,1.3293795585632324
49,0.5080645084381104,1.423831582069397,0.7222222089767456,1.245382308959961
50,0.49193549156188965,1.6172155141830444,0.6944444179534912,1.019743800163269
51,0.47580644488334656,1.4320557117462158,0.6666666865348816,0.9154744744300842
52,0.4354838728904724,1.4140114784240723,0.6666666865348816,0.7892248630523682
53,0.4677419364452362,1.2292969226837158,0.5,0.8548381328582764
54,0.45967742800712585,1.2200928926467896,0.4722222089767456,0.9594008326530457
55,0.3709677457809448,1.9620730876922607,0.5,1.0436700582504272
56,0.45967742800712585,1.3572169542312622,0.6388888955116272,0.8166961073875427
57,0.47580644488334656,1.3105002641677856,0.5,1.2471951246261597
58,0.41129031777381897,1.451846957206726,0.6944444179534912,0.8913717269897461
59,0.39516130089759827,1.0463024377822876,0.5555555820465088,0.8851915597915649
60,0.4677419364452362,0.9552309513092041,0.5277777910232544,0.8627147078514099
61,0.49193549156188965,0.9409921169281006,0.5833333134651184,0.8816454410552979
62,0.49193549156188965,0.9188573956489563,0.7222222089767456,0.7521253228187561
63,0.5161290168762207,0.916852593421936,0.6944444179534912,0.7548083066940308
64,0.5322580933570862,0.8869084715843201,0.7222222089767456,0.7627825140953064
65,0.44354838132858276,1.0059181451797485,0.5277777910232544,0.8503485918045044
66,0.4677419364452362,1.0044299364089966,0.3611111044883728,1.253241777420044
67,0.4193548262119293,2.437790632247925,0.7222222089767456,0.746139407157898
68,0.524193525314331,0.9888666868209839,0.5833333134651184,0.8629971742630005
69,0.5080645084381104,0.9940994381904602,0.7222222089767456,0.7949919104576111
70,0.4354838728904724,0.9899899959564209,0.6944444179534912,0.784285843372345
71,0.42741936445236206,0.9971043467521667,0.7222222089767456,0.8098496198654175
72,0.5161290168762207,0.9283780455589294,0.5555555820465088,0.8260520100593567
73,0.4677419364452362,0.9708300232887268,0.6944444179534912,0.8420268297195435
74,0.5645161271095276,0.9526851773262024,0.7222222089767456,0.8857478499412537
75,0.47580644488334656,0.9608975052833557,0.6666666865348816,0.848074734210968
76,0.42741936445236206,1.365853190422058,0.5,1.2358871698379517
77,0.4032258093357086,1.8106646537780762,0.5,1.0156985521316528
78,0.4838709533214569,1.059707760810852,0.4722222089767456,1.0539493560791016
79,0.39516130089759827,1.2914258241653442,0.7222222089767456,0.8112972974777222
80,0.4032258093357086,1.0902221202850342,0.6666666865348816,0.9472712278366089
81,0.49193549156188965,0.9792503118515015,0.6666666865348816,0.9319343566894531
82,0.5080645084381104,0.9397217035293579,0.7222222089767456,0.7801380753517151
83,0.49193549156188965,0.920051634311676,0.6944444179534912,0.7998724579811096
84,0.47580644488334656,0.9502732157707214,0.7222222089767456,0.8780015110969543
85,0.4838709533214569,0.9310513138771057,0.6944444179534912,0.8083574771881104
86,0.5483871102333069,0.9263306260108948,0.7222222089767456,0.7890622019767761
87,0.4516128897666931,1.2620766162872314,0.5833333134651184,0.9013864994049072
